<?xml version="1.0" encoding="UTF-8"?>
<!-- Generated by org.testng.reporters.JUnitReportReporter -->
<testsuite hostname="DESKTOP-ELHLD27" failures="0" tests="5" name="driverTest.DriveTest" time="11.513" errors="0" timestamp="2023-09-09T22:11:58 IST" skipped="1">
  <testcase classname="driverTest.DriveTest" name="search" time="1.437"/>
  <system-out/>
  <testcase classname="driverTest.DriveTest" name="resultItems" time="4.543"/>
  <system-out>
    <![CDATA[1.ASIAN - MOONWALK-01 Black Men's Sports Running Shoes 
======> Price Rs. 519
2.JQR - PREMIUM Mustard Men's Sports Running Shoes 
======> Price Rs. 1,499
3.Campus ROYCE-2 Black Men's Sports Running Shoes 
======> Price Rs. 749
4.ASIAN - THAR-01 Black Men's Sports Running Shoes 
======> Price Rs. 625
5.Campus RODEO PRO Blue Running Shoes 
======> Price Rs. 799
6.ASIAN - EVEREST-01 Black Men's Sports Running Shoes 
======> Price Rs. 975
7.ASIAN - CHROME-01 White Men's Sports Running Shoes 
======> Price Rs. 1,075
8.Campus HASHBRO White Running Shoes 
======> Price Rs. 849
9.ASIAN Red Men's Sports Running Shoes 
======> Price Rs. 825
10.Campus RODEO PRO Gray Running Shoes 
======> Price Rs. 725
11.Columbus - FUSE Sports Shoes Blue Men's Sports Running Shoes 
======> Price Rs. 1,649
12.ASIAN - WATERPROOF-03 Navy Men's Sports Running Shoes 
======> Price Rs. 625
13.Action - Navy Men's Sports Running Shoes 
======> Price Rs. 1,649
14.Campus OMAX White Running Shoes 
======> Price Rs. 1,149
15.Action Navy Men's Sports Running Shoes 
======> Price Rs. 1,025
16.Campus EXPLORE White Men's Sports Running Shoes 
======> Price Rs. 1,299
17.Aadi Men's Sports Running Shoes White 
======> Price Rs. 512
18.Action - White Men's Sports Running Shoes 
======> Price Rs. 1,025
19.Campus SENSOR White Running Shoes 
======> Price Rs. 1,149
20.ASIAN - EXPRESS-08N Gray Men's Sports Running Shoes 
======> Price Rs. 699
Expected Search string is not matched with actual string:: laptop bag  We've got 10000+ results for sport shoe for men]]>
  </system-out>
  <testcase classname="driverTest.DriveTest" name="pickedItem" time="2.560"/>
  <system-out>
    <![CDATA[clicked item verified:: ASIAN - MOONWALK-01 Black Men's Sports Running Shoes====>ASIAN - MOONWALK-01 Black Men's Sports Running Shoes]]>
  </system-out>
  <testcase classname="driverTest.DriveTest" name="addCart" time="2.973"/>
  <system-out/>
  <testcase classname="driverTest.DriveTest" name="cart">
    <skipped/>
  </testcase> <!-- cart -->
  <system-out/>
</testsuite> <!-- driverTest.DriveTest -->
